{
  "RSpec": {
    "coverage": {
      "/root/EC_site_new_naoki/app/helpers/application_helper.rb": [
        1,
        null,
        null,
        null,
        null,
        1,
        0,
        0,
        0,
        null,
        0,
        null,
        null,
        null,
        null,
        null
      ],
      "/root/EC_site_new_naoki/app/helpers/brands_helper.rb": [
        1,
        null
      ],
      "/root/EC_site_new_naoki/app/helpers/cart_items_helper.rb": [
        1,
        null
      ],
      "/root/EC_site_new_naoki/app/helpers/carts_helper.rb": [
        1,
        null
      ],
      "/root/EC_site_new_naoki/app/helpers/categories_helper.rb": [
        1,
        null
      ],
      "/root/EC_site_new_naoki/app/helpers/orders_helper.rb": [
        1,
        null
      ],
      "/root/EC_site_new_naoki/app/helpers/products_helper.rb": [
        1,
        null
      ],
      "/root/EC_site_new_naoki/app/helpers/sessions_helper.rb": [
        1,
        null,
        1,
        0,
        0,
        null,
        null,
        null,
        1,
        0,
        0,
        0,
        null,
        null,
        null,
        1,
        1,
        null,
        null,
        null,
        1,
        3,
        2,
        1,
        0,
        0,
        0,
        0,
        null,
        null,
        null,
        null,
        null,
        null,
        1,
        2,
        null,
        null,
        null,
        null,
        null,
        null,
        1,
        0,
        null,
        null,
        null,
        1,
        0,
        0,
        0,
        null,
        null,
        null,
        1,
        0,
        0,
        0,
        0,
        null,
        null,
        null,
        null,
        null,
        1,
        0,
        0,
        null,
        null,
        null,
        1,
        1,
        null,
        null
      ],
      "/root/EC_site_new_naoki/app/helpers/staticpage_helper.rb": [
        1,
        null
      ],
      "/root/EC_site_new_naoki/app/helpers/users_helper.rb": [
        1,
        null,
        null
      ],
      "/root/EC_site_new_naoki/app/controllers/orders_controller.rb": [
        1,
        1,
        1,
        1,
        null,
        null,
        1,
        0,
        0,
        null,
        null,
        0,
        0,
        0,
        null,
        0,
        0,
        null,
        0,
        0,
        null,
        null,
        null,
        null,
        1,
        null,
        1,
        1,
        null,
        1,
        1,
        1,
        null,
        1,
        1,
        null,
        null,
        null,
        1,
        null,
        0,
        0,
        null,
        0,
        0,
        0,
        null,
        null,
        null,
        0,
        0,
        null,
        null,
        null,
        0,
        null,
        null,
        null,
        0,
        0,
        null,
        null,
        0,
        null,
        null,
        0,
        0,
        null,
        null,
        null,
        null,
        0,
        null,
        null,
        0,
        0,
        null,
        null,
        0,
        0,
        0,
        0,
        0,
        null,
        0,
        0,
        null,
        null,
        null,
        null,
        null,
        null,
        null,
        null,
        1,
        2,
        1,
        1,
        1,
        null,
        null,
        null,
        null,
        null,
        1,
        1,
        1,
        null,
        null,
        null,
        1,
        0,
        null,
        null,
        null,
        null,
        null,
        null,
        null,
        null
      ],
      "/root/EC_site_new_naoki/app/controllers/application_controller.rb": [
        1,
        1,
        null,
        1,
        1,
        null,
        1,
        null,
        null,
        null,
        null,
        1,
        1,
        2,
        1,
        null,
        1,
        0,
        0,
        0,
        null,
        0,
        null,
        null,
        1,
        1,
        1,
        1,
        1,
        null,
        null,
        null,
        null,
        null,
        null,
        null
      ],
      "/root/EC_site_new_naoki/app/models/cart_item.rb": [
        1,
        1,
        1,
        null,
        null,
        null,
        null,
        null,
        null
      ],
      "/root/EC_site_new_naoki/app/models/application_record.rb": [
        1,
        1,
        null
      ],
      "/root/EC_site_new_naoki/app/models/cart.rb": [
        1,
        1,
        null,
        1,
        null,
        1,
        0,
        0,
        0,
        null,
        0,
        null,
        null,
        null,
        null,
        null,
        null,
        1,
        0,
        0,
        0,
        null,
        0,
        null,
        0,
        null,
        null,
        1,
        0,
        0,
        0,
        null,
        0,
        null,
        0,
        null,
        null,
        null,
        null
      ],
      "/root/EC_site_new_naoki/app/models/user.rb": [
        1,
        1,
        null,
        1,
        null,
        null,
        1,
        4,
        1,
        1,
        1,
        null,
        null,
        1,
        null,
        1,
        1,
        null,
        null,
        1,
        0,
        null,
        0,
        null,
        null,
        null,
        1,
        0,
        null,
        null,
        null,
        1,
        0,
        0,
        null,
        null,
        null,
        1,
        0,
        0,
        null,
        null,
        null,
        1,
        0,
        null,
        null,
        null,
        null
      ],
      "/root/EC_site_new_naoki/app/models/product.rb": [
        1,
        1,
        1,
        1,
        1,
        1,
        null,
        1,
        null,
        1,
        null,
        1,
        null,
        null,
        null,
        1,
        0,
        0,
        null,
        0,
        0,
        null,
        0,
        0,
        null,
        null,
        0,
        null,
        null,
        null,
        null
      ],
      "/root/EC_site_new_naoki/app/models/brand.rb": [
        1,
        1,
        null,
        null,
        null,
        null
      ],
      "/root/EC_site_new_naoki/app/models/category.rb": [
        1,
        1,
        null
      ],
      "/root/EC_site_new_naoki/app/models/size.rb": [
        1,
        1,
        null
      ],
      "/root/EC_site_new_naoki/app/models/color.rb": [
        1,
        1,
        null
      ],
      "/root/EC_site_new_naoki/app/models/image.rb": [
        1,
        1,
        null
      ],
      "/root/EC_site_new_naoki/app/mailers/application_mailer.rb": [
        0,
        0,
        0,
        0
      ],
      "/root/EC_site_new_naoki/app/models/stock.rb": [
        0,
        0,
        0
      ],
      "/root/EC_site_new_naoki/app/models/order.rb": [
        0,
        0,
        0,
        null,
        null,
        null,
        null,
        null,
        0,
        0,
        0,
        0,
        0,
        0,
        0,
        null,
        null,
        0
      ],
      "/root/EC_site_new_naoki/app/models/credit.rb": [
        0,
        null,
        0,
        0,
        0,
        null,
        0
      ],
      "/root/EC_site_new_naoki/app/controllers/carts_controller.rb": [
        0,
        0,
        0,
        0
      ],
      "/root/EC_site_new_naoki/app/controllers/staticpage_controller.rb": [
        0,
        0,
        0,
        0,
        null,
        null,
        0,
        0,
        0,
        0,
        null,
        0,
        null,
        null,
        null,
        null,
        0,
        null,
        0,
        0,
        0,
        null,
        0,
        null,
        null,
        null,
        0
      ],
      "/root/EC_site_new_naoki/app/controllers/categories_controller.rb": [
        0,
        0,
        0,
        0,
        0,
        0
      ],
      "/root/EC_site_new_naoki/app/controllers/users_controller.rb": [
        0,
        0,
        0,
        null,
        null,
        null,
        null,
        null,
        null,
        0,
        0,
        0,
        null,
        0,
        0,
        0,
        null,
        0,
        0,
        0,
        0,
        0,
        0,
        0,
        0,
        0,
        0,
        null,
        null,
        0,
        0,
        0,
        null,
        0,
        0,
        0,
        0,
        0,
        0,
        0,
        0,
        0,
        null,
        0,
        0,
        0,
        0,
        0,
        0,
        0,
        0,
        null,
        null,
        0,
        0,
        0,
        0,
        0,
        0,
        0,
        null,
        0,
        0,
        0,
        0,
        0,
        0,
        null,
        0,
        null,
        0,
        null,
        null,
        null,
        null,
        0,
        0,
        0,
        0,
        0,
        0,
        0,
        null,
        0,
        0,
        0,
        0,
        null,
        null,
        0,
        0,
        0,
        null,
        null,
        null,
        null,
        null,
        null,
        0,
        null,
        0,
        0,
        0,
        0,
        0,
        null,
        0,
        0,
        0,
        0,
        0,
        null,
        null,
        null,
        null,
        null,
        null,
        null,
        null,
        0
      ],
      "/root/EC_site_new_naoki/app/controllers/sessions_controller.rb": [
        0,
        0,
        0,
        null,
        0,
        0,
        0,
        0,
        0,
        0,
        0,
        0,
        0,
        0,
        0,
        null,
        0,
        0,
        0,
        0,
        0
      ],
      "/root/EC_site_new_naoki/app/controllers/brands_controller.rb": [
        0,
        0,
        0,
        0,
        0,
        0
      ],
      "/root/EC_site_new_naoki/app/controllers/cart_items_controller.rb": [
        0,
        0,
        0,
        0,
        null,
        null,
        0,
        0,
        0,
        null,
        0,
        0,
        0,
        0,
        null,
        0,
        null,
        null,
        null,
        0,
        0,
        null,
        0,
        null,
        0,
        0,
        0,
        0,
        0,
        0,
        null,
        null,
        null,
        0,
        0,
        null,
        null,
        0,
        null,
        0,
        0,
        0,
        0,
        0,
        null,
        0,
        0,
        0,
        0,
        0,
        0,
        0,
        null,
        null,
        0,
        null,
        0,
        0,
        0,
        null,
        null,
        null,
        0,
        null,
        null,
        null,
        null,
        0,
        null,
        0,
        0,
        null,
        null,
        null,
        0,
        null,
        null,
        null,
        null,
        null,
        null,
        0
      ],
      "/root/EC_site_new_naoki/app/controllers/products_controller.rb": [
        0,
        0,
        0,
        null,
        0,
        null,
        0,
        0,
        null,
        0,
        0,
        0,
        0,
        null,
        0,
        0,
        0
      ],
      "/root/EC_site_new_naoki/app/jobs/application_job.rb": [
        0,
        0
      ],
      "/root/EC_site_new_naoki/app/channels/application_cable/channel.rb": [
        0,
        0,
        0,
        0
      ],
      "/root/EC_site_new_naoki/app/channels/application_cable/connection.rb": [
        0,
        0,
        0,
        0
      ],
      "/root/EC_site_new_naoki/lib/tasks/cart_batch.rb": [
        0,
        0,
        null,
        null,
        0,
        null,
        null,
        0,
        null,
        0,
        0,
        0,
        0,
        0,
        null,
        0,
        0,
        0,
        0,
        null,
        null,
        0,
        null,
        0,
        null,
        null,
        0
      ]
    },
    "timestamp": 1573468854
  }
}
